<?xml version="1.0" encoding="UTF-8"?>
<testng-results skipped="0" failed="0" ignored="0" total="1" passed="1">
  <reporter-output>
  </reporter-output>
  <suite name="Default suite" duration-ms="81728" started-at="2021-02-14T16:55:43 EST" finished-at="2021-02-14T16:57:04 EST">
    <groups>
    </groups>
    <test name="Default test" duration-ms="81728" started-at="2021-02-14T16:55:43 EST" finished-at="2021-02-14T16:57:04 EST">
      <class name="tests.AmazonOtpautomation">
        <test-method status="PASS" signature="method()[pri:0, instance:tests.AmazonOtpautomation@23fe1d71]" name="method" duration-ms="81693" started-at="2021-02-14T16:55:43 EST" finished-at="2021-02-14T16:57:04 EST">
          <reporter-output>
          </reporter-output>
        </test-method> <!-- method -->
      </class> <!-- tests.AmazonOtpautomation -->
    </test> <!-- Default test -->
  </suite> <!-- Default suite -->
</testng-results>
